# JRE version: OpenJDK Runtime Environment (11.0.11+9) (build 11.0.11+9-Ubuntu-0ubuntu2.18.04)
# Java VM: OpenJDK 64-Bit Server VM (11.0.11+9-Ubuntu-0ubuntu2.18.04, mixed mode, sharing, tiered, compressed oops, g1 gc, linux-amd64)
Heap:
 garbage-first heap   total 159744K, used 14296K [0x00000000c2400000, 0x0000000100000000)
  region size 1024K, 1 young (1024K), 1 survivors (1024K)
 Metaspace       used 15819K, capacity 17027K, committed 17408K, reserved 1064960K
  class space    used 1721K, capacity 1980K, committed 2048K, reserved 1048576K
GC Heap History (17 events):
Event: 0.793 GC heap before
{Heap before GC invocations=0 (full 0):
 garbage-first heap   total 65536K, used 6856K [0x00000000c2400000, 0x0000000100000000)
  region size 1024K, 7 young (7168K), 0 survivors (0K)
 Metaspace       used 2529K, capacity 5613K, committed 5760K, reserved 1056768K
  class space    used 250K, capacity 553K, committed 640K, reserved 1048576K
}
Event: 0.835 GC heap after
{Heap after GC invocations=1 (full 0):
 garbage-first heap   total 65536K, used 2639K [0x00000000c2400000, 0x0000000100000000)
  region size 1024K, 1 young (1024K), 1 survivors (1024K)
 Metaspace       used 2529K, capacity 5613K, committed 5760K, reserved 1056768K
  class space    used 250K, capacity 553K, committed 640K, reserved 1048576K
}
Event: 1.164 GC heap before
{Heap before GC invocations=1 (full 0):
 garbage-first heap   total 65536K, used 5711K [0x00000000c2400000, 0x0000000100000000)
  region size 1024K, 4 young (4096K), 1 survivors (1024K)
 Metaspace       used 3104K, capacity 6009K, committed 6272K, reserved 1056768K
  class space    used 312K, capacity 621K, committed 640K, reserved 1048576K
}
Event: 1.177 GC heap after
{Heap after GC invocations=2 (full 0):
 garbage-first heap   total 65536K, used 3371K [0x00000000c2400000, 0x0000000100000000)
  region size 1024K, 1 young (1024K), 1 survivors (1024K)
 Metaspace       used 3104K, capacity 6009K, committed 6272K, reserved 1056768K
  class space    used 312K, capacity 621K, committed 640K, reserved 1048576K
}
Event: 1.620 GC heap before
{Heap before GC invocations=2 (full 0):
 garbage-first heap   total 65536K, used 13611K [0x00000000c2400000, 0x0000000100000000)
  region size 1024K, 11 young (11264K), 1 survivors (1024K)
 Metaspace       used 5475K, capacity 7736K, committed 7936K, reserved 1056768K
  class space    used 640K, capacity 901K, committed 1024K, reserved 1048576K
}
Event: 1.643 GC heap after
{Heap after GC invocations=3 (full 0):
 garbage-first heap   total 65536K, used 3852K [0x00000000c2400000, 0x0000000100000000)
  region size 1024K, 2 young (2048K), 2 survivors (2048K)
 Metaspace       used 5475K, capacity 7736K, committed 7936K, reserved 1056768K
  class space    used 640K, capacity 901K, committed 1024K, reserved 1048576K
}
Event: 2.261 GC heap before
{Heap before GC invocations=3 (full 0):
 garbage-first heap   total 65536K, used 18188K [0x00000000c2400000, 0x0000000100000000)
  region size 1024K, 16 young (16384K), 2 survivors (2048K)
 Metaspace       used 6637K, capacity 8648K, committed 8832K, reserved 1056768K
  class space    used 780K, capacity 1032K, committed 1152K, reserved 1048576K
}
Event: 2.274 GC heap after
{Heap after GC invocations=4 (full 0):
 garbage-first heap   total 65536K, used 4234K [0x00000000c2400000, 0x0000000100000000)
  region size 1024K, 1 young (1024K), 1 survivors (1024K)
 Metaspace       used 6637K, capacity 8648K, committed 8832K, reserved 1056768K
  class space    used 780K, capacity 1032K, committed 1152K, reserved 1048576K
}
Event: 3.911 GC heap before
{Heap before GC invocations=4 (full 0):
 garbage-first heap   total 65536K, used 41098K [0x00000000c2400000, 0x0000000100000000)
  region size 1024K, 37 young (37888K), 1 survivors (1024K)
 Metaspace       used 12213K, capacity 13972K, committed 14336K, reserved 1062912K
  class space    used 1473K, capacity 1727K, committed 1792K, reserved 1048576K
}
Event: 3.925 GC heap after
{Heap after GC invocations=5 (full 0):
 garbage-first heap   total 102400K, used 6569K [0x00000000c2400000, 0x0000000100000000)
  region size 1024K, 4 young (4096K), 4 survivors (4096K)
 Metaspace       used 12213K, capacity 13972K, committed 14336K, reserved 1062912K
  class space    used 1473K, capacity 1727K, committed 1792K, reserved 1048576K
}
Event: 5.739 GC heap before
{Heap before GC invocations=5 (full 0):
 garbage-first heap   total 102400K, used 52649K [0x00000000c2400000, 0x0000000100000000)
  region size 1024K, 49 young (50176K), 4 survivors (4096K)
 Metaspace       used 13576K, capacity 15084K, committed 15488K, reserved 1062912K
  class space    used 1554K, capacity 1798K, committed 1920K, reserved 1048576K
}
Event: 5.769 GC heap after
{Heap after GC invocations=6 (full 0):
 garbage-first heap   total 102400K, used 10704K [0x00000000c2400000, 0x0000000100000000)
  region size 1024K, 7 young (7168K), 7 survivors (7168K)
 Metaspace       used 13576K, capacity 15084K, committed 15488K, reserved 1062912K
  class space    used 1554K, capacity 1798K, committed 1920K, reserved 1048576K
}
Event: 7.843 GC heap before
{Heap before GC invocations=6 (full 0):
 garbage-first heap   total 102400K, used 81360K [0x00000000c2400000, 0x0000000100000000)
  region size 1024K, 37 young (37888K), 7 survivors (7168K)
 Metaspace       used 15117K, capacity 16342K, committed 16640K, reserved 1064960K
  class space    used 1681K, capacity 1940K, committed 2048K, reserved 1048576K
}
Event: 7.996 GC heap after
{Heap after GC invocations=7 (full 0):
 garbage-first heap   total 102400K, used 45535K [0x00000000c2400000, 0x0000000100000000)
  region size 1024K, 3 young (3072K), 3 survivors (3072K)
 Metaspace       used 15117K, capacity 16342K, committed 16640K, reserved 1064960K
  class space    used 1681K, capacity 1940K, committed 2048K, reserved 1048576K
}
Event: 59.577 GC heap before
{Heap before GC invocations=8 (full 0):
 garbage-first heap   total 102400K, used 86495K [0x00000000c2400000, 0x0000000100000000)
  region size 1024K, 35 young (35840K), 3 survivors (3072K)
 Metaspace       used 15804K, capacity 17027K, committed 17408K, reserved 1064960K
  class space    used 1721K, capacity 1980K, committed 2048K, reserved 1048576K
}
Event: 59.950 GC heap after
{Heap after GC invocations=9 (full 0):
 garbage-first heap   total 102400K, used 14152K [0x00000000c2400000, 0x0000000100000000)
  region size 1024K, 4 young (4096K), 4 survivors (4096K)
 Metaspace       used 15804K, capacity 17027K, committed 17408K, reserved 1064960K
  class space    used 1721K, capacity 1980K, committed 2048K, reserved 1048576K
}
Event: 67.868 GC heap before
{Heap before GC invocations=9 (full 0):
 garbage-first heap   total 102400K, used 20296K [0x00000000c2400000, 0x0000000100000000)
  region size 1024K, 10 young (10240K), 4 survivors (4096K)
 Metaspace       used 15819K, capacity 17027K, committed 17408K, reserved 1064960K
  class space    used 1721K, capacity 1980K, committed 2048K, reserved 1048576K
}

