# JRE version: OpenJDK Runtime Environment (11.0.11+9) (build 11.0.11+9-Ubuntu-0ubuntu2.18.04)
# Java VM: OpenJDK 64-Bit Server VM (11.0.11+9-Ubuntu-0ubuntu2.18.04, mixed mode, sharing, tiered, compressed oops, g1 gc, linux-amd64)
Heap:
 garbage-first heap   total 167936K, used 15300K [0x00000000c2400000, 0x0000000100000000)
  region size 1024K, 3 young (3072K), 3 survivors (3072K)
 Metaspace       used 15910K, capacity 17095K, committed 17408K, reserved 1064960K
  class space    used 1722K, capacity 1981K, committed 2048K, reserved 1048576K
GC Heap History (17 events):
Event: 0.498 GC heap before
{Heap before GC invocations=0 (full 0):
 garbage-first heap   total 65536K, used 6856K [0x00000000c2400000, 0x0000000100000000)
  region size 1024K, 7 young (7168K), 0 survivors (0K)
 Metaspace       used 2438K, capacity 5607K, committed 5760K, reserved 1056768K
  class space    used 243K, capacity 551K, committed 640K, reserved 1048576K
}
Event: 0.520 GC heap after
{Heap after GC invocations=1 (full 0):
 garbage-first heap   total 65536K, used 2662K [0x00000000c2400000, 0x0000000100000000)
  region size 1024K, 1 young (1024K), 1 survivors (1024K)
 Metaspace       used 2438K, capacity 5607K, committed 5760K, reserved 1056768K
  class space    used 243K, capacity 551K, committed 640K, reserved 1048576K
}
Event: 0.711 GC heap before
{Heap before GC invocations=1 (full 0):
 garbage-first heap   total 65536K, used 5734K [0x00000000c2400000, 0x0000000100000000)
  region size 1024K, 4 young (4096K), 1 survivors (1024K)
 Metaspace       used 3102K, capacity 6073K, committed 6272K, reserved 1056768K
  class space    used 314K, capacity 621K, committed 640K, reserved 1048576K
}
Event: 0.732 GC heap after
{Heap after GC invocations=2 (full 0):
 garbage-first heap   total 65536K, used 3338K [0x00000000c2400000, 0x0000000100000000)
  region size 1024K, 1 young (1024K), 1 survivors (1024K)
 Metaspace       used 3102K, capacity 6073K, committed 6272K, reserved 1056768K
  class space    used 314K, capacity 621K, committed 640K, reserved 1048576K
}
Event: 1.349 GC heap before
{Heap before GC invocations=2 (full 0):
 garbage-first heap   total 65536K, used 14602K [0x00000000c2400000, 0x0000000100000000)
  region size 1024K, 12 young (12288K), 1 survivors (1024K)
 Metaspace       used 5567K, capacity 7800K, committed 8192K, reserved 1056768K
  class space    used 648K, capacity 901K, committed 1024K, reserved 1048576K
}
Event: 1.366 GC heap after
{Heap after GC invocations=3 (full 0):
 garbage-first heap   total 65536K, used 3929K [0x00000000c2400000, 0x0000000100000000)
  region size 1024K, 2 young (2048K), 2 survivors (2048K)
 Metaspace       used 5567K, capacity 7800K, committed 8192K, reserved 1056768K
  class space    used 648K, capacity 901K, committed 1024K, reserved 1048576K
}
Event: 1.848 GC heap before
{Heap before GC invocations=3 (full 0):
 garbage-first heap   total 65536K, used 20313K [0x00000000c2400000, 0x0000000100000000)
  region size 1024K, 18 young (18432K), 2 survivors (2048K)
 Metaspace       used 6809K, capacity 8840K, committed 9088K, reserved 1056768K
  class space    used 804K, capacity 1032K, committed 1152K, reserved 1048576K
}
Event: 1.854 GC heap after
{Heap after GC invocations=4 (full 0):
 garbage-first heap   total 65536K, used 4385K [0x00000000c2400000, 0x0000000100000000)
  region size 1024K, 2 young (2048K), 2 survivors (2048K)
 Metaspace       used 6809K, capacity 8840K, committed 9088K, reserved 1056768K
  class space    used 804K, capacity 1032K, committed 1152K, reserved 1048576K
}
Event: 2.817 GC heap before
{Heap before GC invocations=4 (full 0):
 garbage-first heap   total 65536K, used 37153K [0x00000000c2400000, 0x0000000100000000)
  region size 1024K, 34 young (34816K), 2 survivors (2048K)
 Metaspace       used 11954K, capacity 13748K, committed 14080K, reserved 1060864K
  class space    used 1454K, capacity 1695K, committed 1792K, reserved 1048576K
}
Event: 2.830 GC heap after
{Heap after GC invocations=5 (full 0):
 garbage-first heap   total 107520K, used 6189K [0x00000000c2400000, 0x0000000100000000)
  region size 1024K, 4 young (4096K), 4 survivors (4096K)
 Metaspace       used 11954K, capacity 13748K, committed 14080K, reserved 1060864K
  class space    used 1454K, capacity 1695K, committed 1792K, reserved 1048576K
}
Event: 4.097 GC heap before
{Heap before GC invocations=5 (full 0):
 garbage-first heap   total 107520K, used 48173K [0x00000000c2400000, 0x0000000100000000)
  region size 1024K, 45 young (46080K), 4 survivors (4096K)
 Metaspace       used 13507K, capacity 15084K, committed 15488K, reserved 1062912K
  class space    used 1554K, capacity 1798K, committed 1920K, reserved 1048576K
}
Event: 4.123 GC heap after
{Heap after GC invocations=6 (full 0):
 garbage-first heap   total 107520K, used 10360K [0x00000000c2400000, 0x0000000100000000)
  region size 1024K, 6 young (6144K), 6 survivors (6144K)
 Metaspace       used 13507K, capacity 15084K, committed 15488K, reserved 1062912K
  class space    used 1554K, capacity 1798K, committed 1920K, reserved 1048576K
}
Event: 5.305 GC heap before
{Heap before GC invocations=6 (full 0):
 garbage-first heap   total 107520K, used 86136K [0x00000000c2400000, 0x0000000100000000)
  region size 1024K, 41 young (41984K), 6 survivors (6144K)
 Metaspace       used 15090K, capacity 16342K, committed 16640K, reserved 1064960K
  class space    used 1681K, capacity 1940K, committed 2048K, reserved 1048576K
}
Event: 5.363 GC heap after
{Heap after GC invocations=7 (full 0):
 garbage-first heap   total 107520K, used 45632K [0x00000000c2400000, 0x0000000100000000)
  region size 1024K, 6 young (6144K), 6 survivors (6144K)
 Metaspace       used 15090K, capacity 16342K, committed 16640K, reserved 1064960K
  class space    used 1681K, capacity 1940K, committed 2048K, reserved 1048576K
}
Event: 6.700 GC heap before
{Heap before GC invocations=8 (full 0):
 garbage-first heap   total 107520K, used 73280K [0x00000000c2400000, 0x0000000100000000)
  region size 1024K, 25 young (25600K), 6 survivors (6144K)
 Metaspace       used 15241K, capacity 16472K, committed 16896K, reserved 1064960K
  class space    used 1683K, capacity 1940K, committed 2048K, reserved 1048576K
}
Event: 6.775 GC heap after
{Heap after GC invocations=9 (full 0):
 garbage-first heap   total 107520K, used 14117K [0x00000000c2400000, 0x0000000100000000)
  region size 1024K, 2 young (2048K), 2 survivors (2048K)
 Metaspace       used 15241K, capacity 16472K, committed 16896K, reserved 1064960K
  class space    used 1683K, capacity 1940K, committed 2048K, reserved 1048576K
}
Event: 12.403 GC heap before
{Heap before GC invocations=9 (full 0):
 garbage-first heap   total 107520K, used 40741K [0x00000000c2400000, 0x0000000100000000)
  region size 1024K, 28 young (28672K), 2 survivors (2048K)
 Metaspace       used 15910K, capacity 17095K, committed 17408K, reserved 1064960K
  class space    used 1722K, capacity 1981K, committed 2048K, reserved 1048576K
}

